2026-02-25 14:31:50 — INFO — Running with edr=0.22.0
2026-02-25 14:31:51 — INFO — Installing packages for edr internal dbt package...
2026-02-25 14:31:51 — INFO — Running dbt command --log-format json deps --project-dir /usr/local/lib/python3.11/site-packages/elementary/monitor/dbt_project --profiles-dir /home/appuser/.dbt
2026-02-25 14:36:50 — INFO — Running with edr=0.22.0
2026-02-25 14:36:50 — INFO — Installing packages for edr internal dbt package...
2026-02-25 14:36:50 — INFO — Running dbt command --log-format json deps --project-dir /usr/local/lib/python3.11/site-packages/elementary/monitor/dbt_project --profiles-dir /home/appuser/.dbt
2026-02-25 14:36:56 — DEBUG — Running dbt command --log-format json run-operation elementary.log_macro_results --args {"macro_name": "elementary_cli.get_latest_invocation", "macro_args": {}} --project-dir /usr/local/lib/python3.11/site-packages/elementary/monitor/dbt_project --profiles-dir /home/appuser/.dbt
[31;20m2026-02-25 14:36:56 — ERROR — Unable to get the latest invocation: Failed to run dbt command.
Runtime Error
  Could not find profile named 'elementary'[0m
2026-02-25 14:36:56 — DEBUG — Running dbt command --log-format json run-operation elementary.log_macro_results --args {"macro_name": "elementary_cli.get_adapter_type_and_unique_id", "macro_args": {}} --project-dir /usr/local/lib/python3.11/site-packages/elementary/monitor/dbt_project --profiles-dir /home/appuser/.dbt
2026-02-25 14:36:57 — DEBUG — Could not get warehouse info.
Traceback (most recent call last):
  File "/usr/local/lib/python3.11/site-packages/elementary/monitor/data_monitoring/data_monitoring.py", line 142, in _get_warehouse_info
    self.internal_dbt_runner.run_operation(
  File "/usr/local/lib/python3.11/site-packages/elementary/clients/dbt/command_line_dbt_runner.py", line 178, in run_operation
    result = self._run_command(
             ^^^^^^^^^^^^^^^^^^
  File "/usr/local/lib/python3.11/site-packages/elementary/clients/dbt/command_line_dbt_runner.py", line 115, in _run_command
    result = self._inner_run_command(
             ^^^^^^^^^^^^^^^^^^^^^^^^
  File "/usr/local/lib/python3.11/site-packages/elementary/clients/dbt/api_dbt_runner.py", line 54, in _inner_run_command
    raise DbtCommandError(
elementary.exceptions.exceptions.DbtCommandError: Failed to run dbt command.
Runtime Error
  Could not find profile named 'elementary'
2026-02-25 14:36:57 — DEBUG — Running dbt command --log-format json run-operation elementary.log_macro_results --args {"macro_name": "elementary_cli.get_elementary_database_and_schema", "macro_args": {}} --project-dir /usr/local/lib/python3.11/site-packages/elementary/monitor/dbt_project --profiles-dir /home/appuser/.dbt
[31;20m2026-02-25 14:36:57 — ERROR — Failed to parse Elementary's database and schema.[0m
2026-02-25 14:36:57 — INFO — Running dbt command --log-format json run-operation elementary.log_macro_results --args {"macro_name": "elementary_cli.get_test_results", "macro_args": {"days_back": 7, "invocations_per_test": 720, "disable_passed_test_metrics": false}} --project-dir /usr/local/lib/python3.11/site-packages/elementary/monitor/dbt_project --profiles-dir /home/appuser/.dbt
[31;20m2026-02-25 14:36:58 — ERROR — Could not generate the report - Error: Failed to run dbt command.
Runtime Error
  Could not find profile named 'elementary'
Please reach out to our community for help with this issue.[0m
Traceback (most recent call last):
  File "/usr/local/lib/python3.11/site-packages/elementary/monitor/api/report/report.py", line 84, in get_report_data
    tests_api = TestsAPI(
                ^^^^^^^^^
  File "/usr/local/lib/python3.11/site-packages/elementary/monitor/api/tests/tests.py", line 52, in __init__
    self.test_results_db_rows = self._get_test_results_db_rows(
                                ^^^^^^^^^^^^^^^^^^^^^^^^^^^^^^^
  File "/usr/local/lib/python3.11/site-packages/elementary/monitor/api/tests/tests.py", line 64, in _get_test_results_db_rows
    return self.tests_fetcher.get_all_test_results_db_rows(
           ^^^^^^^^^^^^^^^^^^^^^^^^^^^^^^^^^^^^^^^^^^^^^^^^
  File "/usr/local/lib/python3.11/site-packages/elementary/monitor/fetchers/tests/tests.py", line 26, in get_all_test_results_db_rows
    run_operation_response = self.dbt_runner.run_operation(
                             ^^^^^^^^^^^^^^^^^^^^^^^^^^^^^^
  File "/usr/local/lib/python3.11/site-packages/elementary/clients/dbt/command_line_dbt_runner.py", line 178, in run_operation
    result = self._run_command(
             ^^^^^^^^^^^^^^^^^^
  File "/usr/local/lib/python3.11/site-packages/elementary/clients/dbt/command_line_dbt_runner.py", line 115, in _run_command
    result = self._inner_run_command(
             ^^^^^^^^^^^^^^^^^^^^^^^^
  File "/usr/local/lib/python3.11/site-packages/elementary/clients/dbt/api_dbt_runner.py", line 54, in _inner_run_command
    raise DbtCommandError(
elementary.exceptions.exceptions.DbtCommandError: Failed to run dbt command.
Runtime Error
  Could not find profile named 'elementary'
2026-02-25 14:41:24 — INFO — Running with edr=0.22.0
2026-02-25 14:41:25 — INFO — Installing packages for edr internal dbt package...
2026-02-25 14:41:25 — INFO — Running dbt command --log-format json deps --project-dir /usr/local/lib/python3.11/site-packages/elementary/monitor/dbt_project --profiles-dir /home/appuser/.dbt
2026-02-25 14:41:29 — DEBUG — Running dbt command --log-format json run-operation elementary.log_macro_results --args {"macro_name": "elementary_cli.get_latest_invocation", "macro_args": {}} --project-dir /usr/local/lib/python3.11/site-packages/elementary/monitor/dbt_project --profiles-dir /home/appuser/.dbt
2026-02-25 14:41:34 — DEBUG — Result bytes size for command '['--log-format', 'json', 'run-operation', 'elementary.log_macro_results', '--args', '{"macro_name": "elementary_cli.get_latest_invocation", "macro_args": {}}', '--project-dir', '/usr/local/lib/python3.11/site-packages/elementary/monitor/dbt_project', '--profiles-dir', '/home/appuser/.dbt']' is 267
[31;20m2026-02-25 14:41:34 — ERROR — Unable to get the latest invocation: list index out of range[0m
2026-02-25 14:41:34 — DEBUG — Running dbt command --log-format json run-operation elementary.log_macro_results --args {"macro_name": "elementary_cli.get_adapter_type_and_unique_id", "macro_args": {}} --project-dir /usr/local/lib/python3.11/site-packages/elementary/monitor/dbt_project --profiles-dir /home/appuser/.dbt
2026-02-25 14:41:35 — DEBUG — Result bytes size for command '['--log-format', 'json', 'run-operation', 'elementary.log_macro_results', '--args', '{"macro_name": "elementary_cli.get_adapter_type_and_unique_id", "macro_args": {}}', '--project-dir', '/usr/local/lib/python3.11/site-packages/elementary/monitor/dbt_project', '--profiles-dir', '/home/appuser/.dbt']' is 527
2026-02-25 14:41:35 — DEBUG — Running dbt command --log-format json run-operation elementary.log_macro_results --args {"macro_name": "elementary_cli.get_elementary_database_and_schema", "macro_args": {}} --project-dir /usr/local/lib/python3.11/site-packages/elementary/monitor/dbt_project --profiles-dir /home/appuser/.dbt
2026-02-25 14:41:35 — DEBUG — Result bytes size for command '['--log-format', 'json', 'run-operation', 'elementary.log_macro_results', '--args', '{"macro_name": "elementary_cli.get_elementary_database_and_schema", "macro_args": {}}', '--project-dir', '/usr/local/lib/python3.11/site-packages/elementary/monitor/dbt_project', '--profiles-dir', '/home/appuser/.dbt']' is 417
2026-02-25 14:41:35 — INFO — Elementary's database and schema: 'dbt.dbt'
2026-02-25 14:41:35 — INFO — Running dbt command --log-format json run-operation elementary.log_macro_results --args {"macro_name": "elementary_cli.get_test_results", "macro_args": {"days_back": 7, "invocations_per_test": 720, "disable_passed_test_metrics": false}} --project-dir /usr/local/lib/python3.11/site-packages/elementary/monitor/dbt_project --profiles-dir /home/appuser/.dbt
[31;20m2026-02-25 14:41:37 — ERROR — Could not generate the report - Error: Failed to run dbt command.
{"info": {"name": "RunningOperationCaughtError", "code": "Q001", "msg": "Encountered an error while running operation: Database Error\n  HTTPDriver for https://ujt1j3jrk0.eu-central-1.aws.clickhouse.cloud:8443 received ClickHouse error code 60\n   Code: 60. DB::Exception: Unknown table expression identifier 'dbt.dbt_run_results' in scope SELECT etr.id, etr.invocation_id, etr.test_execution_id, etr.model_unique_id, etr.test_unique_id, multiIf(etr.test_type = 'schema_change', etr.test_unique_id, dt.short_name = 'dimension_anomalies', etr.test_unique_id, concat(coalesce(etr.test_unique_id, 'None'), '.', coalesce(nullif(etr.column_name, ''), 'None'), '.', coalesce(etr.test_sub_type, 'None'))) AS elementary_unique_id, etr.detected_at, etr.database_name, etr.schema_name, etr.table_name, etr.column_name, etr.test_type, etr.test_sub_type, etr.test_results_description, dt.description AS test_description, dt.original_path, dt.package_name, etr.owners, da.owner AS model_owner, etr.tags, dt.tags AS test_tags, da.tags AS model_tags, dt.meta, da.meta AS model_meta, etr.test_results_query, etr.other, multiIf(dt.short_name IS NOT NULL, dt.short_name, etr.test_name) AS test_name, etr.test_params, etr.severity, etr.status, drr.execution_time, CAST(coalesce(dateDiff('day', coalesce(parseDateTimeBestEffortOrNull(toString(coalesce(parseDateTimeBestEffortOrNull(toString(etr.detected_at), 'UTC'), toDateTime('1970-01-01 00:00:00', 'UTC'))), 'UTC'), toDateTime('1970-01-01 00:00:00', 'UTC')), coalesce(parseDateTimeBestEffortOrNull(toString(now()), 'UTC'), toDateTime('1970-01-01 00:00:00', 'UTC'))), 0), 'Nullable(Int32)') AS days_diff, ROW_NUMBER() OVER (PARTITION BY elementary_unique_id ORDER BY etr.detected_at DESC) AS invocations_rank_index, etr.failures, etr.result_rows FROM dbt.elementary_test_results AS etr INNER JOIN dbt.dbt_tests AS dt ON etr.test_unique_id = dt.unique_id LEFT JOIN (SELECT min(detected_at) AS first_time_occurred, test_unique_id FROM dbt.elementary_test_results GROUP BY test_unique_id) AS first_occurred ON etr.test_unique_id = first_occurred.test_unique_id LEFT JOIN (SELECT unique_id, meta, tags, owner FROM dbt.dbt_models UNION ALL SELECT unique_id, meta, tags, owner FROM dbt.dbt_sources) AS da ON etr.model_unique_id = da.unique_id LEFT JOIN dbt.dbt_run_results AS drr ON etr.test_execution_id = drr.model_execution_id WHERE CAST(coalesce(dateDiff('day', coalesce(parseDateTimeBestEffortOrNull(toString(coalesce(parseDateTimeBestEffortOrNull(toString(etr.detected_at), 'UTC'), toDateTime('1970-01-01 00:00:00', 'UTC'))), 'UTC'), toDateTime('1970-01-01 00:00:00', 'UTC')), coalesce(parseDateTimeBestEffortOrNull(toString(now()), 'UTC'), toDateTime('1970-01-01 00:00:00', 'UTC'))), 0), 'Nullable(Int32)') < 7. (UNKNOWN_TABLE) (version 25.10.1.7462 (official build))", "level": "error", "invocationId": "b049c5a8-d645-49b4-8dd4-75cd9f201f5b", "pid": 26, "thread": "MainThread", "ts": "2026-02-25T14:41:36.798508Z"}, "data": {"exc": "Database Error\n  HTTPDriver for https://ujt1j3jrk0.eu-central-1.aws.clickhouse.cloud:8443 received ClickHouse error code 60\n   Code: 60. DB::Exception: Unknown table expression identifier 'dbt.dbt_run_results' in scope SELECT etr.id, etr.invocation_id, etr.test_execution_id, etr.model_unique_id, etr.test_unique_id, multiIf(etr.test_type = 'schema_change', etr.test_unique_id, dt.short_name = 'dimension_anomalies', etr.test_unique_id, concat(coalesce(etr.test_unique_id, 'None'), '.', coalesce(nullif(etr.column_name, ''), 'None'), '.', coalesce(etr.test_sub_type, 'None'))) AS elementary_unique_id, etr.detected_at, etr.database_name, etr.schema_name, etr.table_name, etr.column_name, etr.test_type, etr.test_sub_type, etr.test_results_description, dt.description AS test_description, dt.original_path, dt.package_name, etr.owners, da.owner AS model_owner, etr.tags, dt.tags AS test_tags, da.tags AS model_tags, dt.meta, da.meta AS model_meta, etr.test_results_query, etr.other, multiIf(dt.short_name IS NOT NULL, dt.short_name, etr.test_name) AS test_name, etr.test_params, etr.severity, etr.status, drr.execution_time, CAST(coalesce(dateDiff('day', coalesce(parseDateTimeBestEffortOrNull(toString(coalesce(parseDateTimeBestEffortOrNull(toString(etr.detected_at), 'UTC'), toDateTime('1970-01-01 00:00:00', 'UTC'))), 'UTC'), toDateTime('1970-01-01 00:00:00', 'UTC')), coalesce(parseDateTimeBestEffortOrNull(toString(now()), 'UTC'), toDateTime('1970-01-01 00:00:00', 'UTC'))), 0), 'Nullable(Int32)') AS days_diff, ROW_NUMBER() OVER (PARTITION BY elementary_unique_id ORDER BY etr.detected_at DESC) AS invocations_rank_index, etr.failures, etr.result_rows FROM dbt.elementary_test_results AS etr INNER JOIN dbt.dbt_tests AS dt ON etr.test_unique_id = dt.unique_id LEFT JOIN (SELECT min(detected_at) AS first_time_occurred, test_unique_id FROM dbt.elementary_test_results GROUP BY test_unique_id) AS first_occurred ON etr.test_unique_id = first_occurred.test_unique_id LEFT JOIN (SELECT unique_id, meta, tags, owner FROM dbt.dbt_models UNION ALL SELECT unique_id, meta, tags, owner FROM dbt.dbt_sources) AS da ON etr.model_unique_id = da.unique_id LEFT JOIN dbt.dbt_run_results AS drr ON etr.test_execution_id = drr.model_execution_id WHERE CAST(coalesce(dateDiff('day', coalesce(parseDateTimeBestEffortOrNull(toString(coalesce(parseDateTimeBestEffortOrNull(toString(etr.detected_at), 'UTC'), toDateTime('1970-01-01 00:00:00', 'UTC'))), 'UTC'), toDateTime('1970-01-01 00:00:00', 'UTC')), coalesce(parseDateTimeBestEffortOrNull(toString(now()), 'UTC'), toDateTime('1970-01-01 00:00:00', 'UTC'))), 0), 'Nullable(Int32)') < 7. (UNKNOWN_TABLE) (version 25.10.1.7462 (official build))"}}
Please reach out to our community for help with this issue.[0m
Traceback (most recent call last):
  File "/usr/local/lib/python3.11/site-packages/elementary/monitor/api/report/report.py", line 84, in get_report_data
    tests_api = TestsAPI(
                ^^^^^^^^^
  File "/usr/local/lib/python3.11/site-packages/elementary/monitor/api/tests/tests.py", line 52, in __init__
    self.test_results_db_rows = self._get_test_results_db_rows(
                                ^^^^^^^^^^^^^^^^^^^^^^^^^^^^^^^
  File "/usr/local/lib/python3.11/site-packages/elementary/monitor/api/tests/tests.py", line 64, in _get_test_results_db_rows
    return self.tests_fetcher.get_all_test_results_db_rows(
           ^^^^^^^^^^^^^^^^^^^^^^^^^^^^^^^^^^^^^^^^^^^^^^^^
  File "/usr/local/lib/python3.11/site-packages/elementary/monitor/fetchers/tests/tests.py", line 26, in get_all_test_results_db_rows
    run_operation_response = self.dbt_runner.run_operation(
                             ^^^^^^^^^^^^^^^^^^^^^^^^^^^^^^
  File "/usr/local/lib/python3.11/site-packages/elementary/clients/dbt/command_line_dbt_runner.py", line 178, in run_operation
    result = self._run_command(
             ^^^^^^^^^^^^^^^^^^
  File "/usr/local/lib/python3.11/site-packages/elementary/clients/dbt/command_line_dbt_runner.py", line 115, in _run_command
    result = self._inner_run_command(
             ^^^^^^^^^^^^^^^^^^^^^^^^
  File "/usr/local/lib/python3.11/site-packages/elementary/clients/dbt/api_dbt_runner.py", line 54, in _inner_run_command
    raise DbtCommandError(
elementary.exceptions.exceptions.DbtCommandError: Failed to run dbt command.
{"info": {"name": "RunningOperationCaughtError", "code": "Q001", "msg": "Encountered an error while running operation: Database Error\n  HTTPDriver for https://ujt1j3jrk0.eu-central-1.aws.clickhouse.cloud:8443 received ClickHouse error code 60\n   Code: 60. DB::Exception: Unknown table expression identifier 'dbt.dbt_run_results' in scope SELECT etr.id, etr.invocation_id, etr.test_execution_id, etr.model_unique_id, etr.test_unique_id, multiIf(etr.test_type = 'schema_change', etr.test_unique_id, dt.short_name = 'dimension_anomalies', etr.test_unique_id, concat(coalesce(etr.test_unique_id, 'None'), '.', coalesce(nullif(etr.column_name, ''), 'None'), '.', coalesce(etr.test_sub_type, 'None'))) AS elementary_unique_id, etr.detected_at, etr.database_name, etr.schema_name, etr.table_name, etr.column_name, etr.test_type, etr.test_sub_type, etr.test_results_description, dt.description AS test_description, dt.original_path, dt.package_name, etr.owners, da.owner AS model_owner, etr.tags, dt.tags AS test_tags, da.tags AS model_tags, dt.meta, da.meta AS model_meta, etr.test_results_query, etr.other, multiIf(dt.short_name IS NOT NULL, dt.short_name, etr.test_name) AS test_name, etr.test_params, etr.severity, etr.status, drr.execution_time, CAST(coalesce(dateDiff('day', coalesce(parseDateTimeBestEffortOrNull(toString(coalesce(parseDateTimeBestEffortOrNull(toString(etr.detected_at), 'UTC'), toDateTime('1970-01-01 00:00:00', 'UTC'))), 'UTC'), toDateTime('1970-01-01 00:00:00', 'UTC')), coalesce(parseDateTimeBestEffortOrNull(toString(now()), 'UTC'), toDateTime('1970-01-01 00:00:00', 'UTC'))), 0), 'Nullable(Int32)') AS days_diff, ROW_NUMBER() OVER (PARTITION BY elementary_unique_id ORDER BY etr.detected_at DESC) AS invocations_rank_index, etr.failures, etr.result_rows FROM dbt.elementary_test_results AS etr INNER JOIN dbt.dbt_tests AS dt ON etr.test_unique_id = dt.unique_id LEFT JOIN (SELECT min(detected_at) AS first_time_occurred, test_unique_id FROM dbt.elementary_test_results GROUP BY test_unique_id) AS first_occurred ON etr.test_unique_id = first_occurred.test_unique_id LEFT JOIN (SELECT unique_id, meta, tags, owner FROM dbt.dbt_models UNION ALL SELECT unique_id, meta, tags, owner FROM dbt.dbt_sources) AS da ON etr.model_unique_id = da.unique_id LEFT JOIN dbt.dbt_run_results AS drr ON etr.test_execution_id = drr.model_execution_id WHERE CAST(coalesce(dateDiff('day', coalesce(parseDateTimeBestEffortOrNull(toString(coalesce(parseDateTimeBestEffortOrNull(toString(etr.detected_at), 'UTC'), toDateTime('1970-01-01 00:00:00', 'UTC'))), 'UTC'), toDateTime('1970-01-01 00:00:00', 'UTC')), coalesce(parseDateTimeBestEffortOrNull(toString(now()), 'UTC'), toDateTime('1970-01-01 00:00:00', 'UTC'))), 0), 'Nullable(Int32)') < 7. (UNKNOWN_TABLE) (version 25.10.1.7462 (official build))", "level": "error", "invocationId": "b049c5a8-d645-49b4-8dd4-75cd9f201f5b", "pid": 26, "thread": "MainThread", "ts": "2026-02-25T14:41:36.798508Z"}, "data": {"exc": "Database Error\n  HTTPDriver for https://ujt1j3jrk0.eu-central-1.aws.clickhouse.cloud:8443 received ClickHouse error code 60\n   Code: 60. DB::Exception: Unknown table expression identifier 'dbt.dbt_run_results' in scope SELECT etr.id, etr.invocation_id, etr.test_execution_id, etr.model_unique_id, etr.test_unique_id, multiIf(etr.test_type = 'schema_change', etr.test_unique_id, dt.short_name = 'dimension_anomalies', etr.test_unique_id, concat(coalesce(etr.test_unique_id, 'None'), '.', coalesce(nullif(etr.column_name, ''), 'None'), '.', coalesce(etr.test_sub_type, 'None'))) AS elementary_unique_id, etr.detected_at, etr.database_name, etr.schema_name, etr.table_name, etr.column_name, etr.test_type, etr.test_sub_type, etr.test_results_description, dt.description AS test_description, dt.original_path, dt.package_name, etr.owners, da.owner AS model_owner, etr.tags, dt.tags AS test_tags, da.tags AS model_tags, dt.meta, da.meta AS model_meta, etr.test_results_query, etr.other, multiIf(dt.short_name IS NOT NULL, dt.short_name, etr.test_name) AS test_name, etr.test_params, etr.severity, etr.status, drr.execution_time, CAST(coalesce(dateDiff('day', coalesce(parseDateTimeBestEffortOrNull(toString(coalesce(parseDateTimeBestEffortOrNull(toString(etr.detected_at), 'UTC'), toDateTime('1970-01-01 00:00:00', 'UTC'))), 'UTC'), toDateTime('1970-01-01 00:00:00', 'UTC')), coalesce(parseDateTimeBestEffortOrNull(toString(now()), 'UTC'), toDateTime('1970-01-01 00:00:00', 'UTC'))), 0), 'Nullable(Int32)') AS days_diff, ROW_NUMBER() OVER (PARTITION BY elementary_unique_id ORDER BY etr.detected_at DESC) AS invocations_rank_index, etr.failures, etr.result_rows FROM dbt.elementary_test_results AS etr INNER JOIN dbt.dbt_tests AS dt ON etr.test_unique_id = dt.unique_id LEFT JOIN (SELECT min(detected_at) AS first_time_occurred, test_unique_id FROM dbt.elementary_test_results GROUP BY test_unique_id) AS first_occurred ON etr.test_unique_id = first_occurred.test_unique_id LEFT JOIN (SELECT unique_id, meta, tags, owner FROM dbt.dbt_models UNION ALL SELECT unique_id, meta, tags, owner FROM dbt.dbt_sources) AS da ON etr.model_unique_id = da.unique_id LEFT JOIN dbt.dbt_run_results AS drr ON etr.test_execution_id = drr.model_execution_id WHERE CAST(coalesce(dateDiff('day', coalesce(parseDateTimeBestEffortOrNull(toString(coalesce(parseDateTimeBestEffortOrNull(toString(etr.detected_at), 'UTC'), toDateTime('1970-01-01 00:00:00', 'UTC'))), 'UTC'), toDateTime('1970-01-01 00:00:00', 'UTC')), coalesce(parseDateTimeBestEffortOrNull(toString(now()), 'UTC'), toDateTime('1970-01-01 00:00:00', 'UTC'))), 0), 'Nullable(Int32)') < 7. (UNKNOWN_TABLE) (version 25.10.1.7462 (official build))"}}
2026-02-25 14:51:32 — INFO — Running with edr=0.22.0
2026-02-25 14:51:32 — DEBUG — Running dbt command --log-format json run-operation elementary.log_macro_results --args {"macro_name": "elementary_cli.get_latest_invocation", "macro_args": {}} --project-dir /usr/local/lib/python3.11/site-packages/elementary/monitor/dbt_project --profiles-dir /home/appuser/.dbt
2026-02-25 14:51:37 — DEBUG — Result bytes size for command '['--log-format', 'json', 'run-operation', 'elementary.log_macro_results', '--args', '{"macro_name": "elementary_cli.get_latest_invocation", "macro_args": {}}', '--project-dir', '/usr/local/lib/python3.11/site-packages/elementary/monitor/dbt_project', '--profiles-dir', '/home/appuser/.dbt']' is 2609
2026-02-25 14:51:37 — DEBUG — Running dbt command --log-format json run-operation elementary.log_macro_results --args {"macro_name": "elementary_cli.get_adapter_type_and_unique_id", "macro_args": {}} --project-dir /usr/local/lib/python3.11/site-packages/elementary/monitor/dbt_project --profiles-dir /home/appuser/.dbt
2026-02-25 14:51:38 — DEBUG — Result bytes size for command '['--log-format', 'json', 'run-operation', 'elementary.log_macro_results', '--args', '{"macro_name": "elementary_cli.get_adapter_type_and_unique_id", "macro_args": {}}', '--project-dir', '/usr/local/lib/python3.11/site-packages/elementary/monitor/dbt_project', '--profiles-dir', '/home/appuser/.dbt']' is 527
2026-02-25 14:51:38 — INFO — edr (0.22.0) and Elementary's dbt package (0.22.1) are compatible.
2026-02-25 14:51:38 — DEBUG — Running dbt command --log-format json run-operation elementary.log_macro_results --args {"macro_name": "elementary_cli.get_elementary_database_and_schema", "macro_args": {}} --project-dir /usr/local/lib/python3.11/site-packages/elementary/monitor/dbt_project --profiles-dir /home/appuser/.dbt
2026-02-25 14:51:39 — DEBUG — Result bytes size for command '['--log-format', 'json', 'run-operation', 'elementary.log_macro_results', '--args', '{"macro_name": "elementary_cli.get_elementary_database_and_schema", "macro_args": {}}', '--project-dir', '/usr/local/lib/python3.11/site-packages/elementary/monitor/dbt_project', '--profiles-dir', '/home/appuser/.dbt']' is 445
2026-02-25 14:51:39 — INFO — Elementary's database and schema: 'elementary.elementary'
2026-02-25 14:51:39 — INFO — Running dbt command --log-format json run-operation elementary.log_macro_results --args {"macro_name": "elementary_cli.get_test_results", "macro_args": {"days_back": 7, "invocations_per_test": 720, "disable_passed_test_metrics": false}} --project-dir /usr/local/lib/python3.11/site-packages/elementary/monitor/dbt_project --profiles-dir /home/appuser/.dbt
2026-02-25 14:51:41 — DEBUG — Result bytes size for command '['--log-format', 'json', 'run-operation', 'elementary.log_macro_results', '--args', '{"macro_name": "elementary_cli.get_test_results", "macro_args": {"days_back": 7, "invocations_per_test": 720, "disable_passed_test_metrics": false}}', '--project-dir', '/usr/local/lib/python3.11/site-packages/elementary/monitor/dbt_project', '--profiles-dir', '/home/appuser/.dbt']' is 121145
2026-02-25 14:51:41 — INFO — Running dbt command --log-format json run-operation elementary.log_macro_results --args {"macro_name": "elementary_cli.get_source_freshness_results", "macro_args": {"days_back": 7, "invocations_per_test": 720}} --project-dir /usr/local/lib/python3.11/site-packages/elementary/monitor/dbt_project --profiles-dir /home/appuser/.dbt
2026-02-25 14:51:42 — DEBUG — Result bytes size for command '['--log-format', 'json', 'run-operation', 'elementary.log_macro_results', '--args', '{"macro_name": "elementary_cli.get_source_freshness_results", "macro_args": {"days_back": 7, "invocations_per_test": 720}}', '--project-dir', '/usr/local/lib/python3.11/site-packages/elementary/monitor/dbt_project', '--profiles-dir', '/home/appuser/.dbt']' is 399
2026-02-25 14:51:42 — INFO — Running dbt command --log-format json run-operation elementary.log_macro_results --args {"macro_name": "elementary_cli.get_seeds", "macro_args": {}} --project-dir /usr/local/lib/python3.11/site-packages/elementary/monitor/dbt_project --profiles-dir /home/appuser/.dbt
2026-02-25 14:51:43 — DEBUG — Result bytes size for command '['--log-format', 'json', 'run-operation', 'elementary.log_macro_results', '--args', '{"macro_name": "elementary_cli.get_seeds", "macro_args": {}}', '--project-dir', '/usr/local/lib/python3.11/site-packages/elementary/monitor/dbt_project', '--profiles-dir', '/home/appuser/.dbt']' is 3626
2026-02-25 14:51:43 — INFO — Running dbt command --log-format json run-operation elementary.log_macro_results --args {"macro_name": "elementary_cli.get_snapshots", "macro_args": {}} --project-dir /usr/local/lib/python3.11/site-packages/elementary/monitor/dbt_project --profiles-dir /home/appuser/.dbt
2026-02-25 14:51:45 — DEBUG — Result bytes size for command '['--log-format', 'json', 'run-operation', 'elementary.log_macro_results', '--args', '{"macro_name": "elementary_cli.get_snapshots", "macro_args": {}}', '--project-dir', '/usr/local/lib/python3.11/site-packages/elementary/monitor/dbt_project', '--profiles-dir', '/home/appuser/.dbt']' is 399
2026-02-25 14:51:45 — INFO — Running dbt command --log-format json run-operation elementary.log_macro_results --args {"macro_name": "elementary_cli.get_models", "macro_args": {"exclude_elementary": true}} --project-dir /usr/local/lib/python3.11/site-packages/elementary/monitor/dbt_project --profiles-dir /home/appuser/.dbt
2026-02-25 14:51:46 — DEBUG — Result bytes size for command '['--log-format', 'json', 'run-operation', 'elementary.log_macro_results', '--args', '{"macro_name": "elementary_cli.get_models", "macro_args": {"exclude_elementary": true}}', '--project-dir', '/usr/local/lib/python3.11/site-packages/elementary/monitor/dbt_project', '--profiles-dir', '/home/appuser/.dbt']' is 778633
2026-02-25 14:51:46 — INFO — Running dbt command --log-format json run-operation elementary.log_macro_results --args {"macro_name": "elementary_cli.get_sources", "macro_args": {}} --project-dir /usr/local/lib/python3.11/site-packages/elementary/monitor/dbt_project --profiles-dir /home/appuser/.dbt
2026-02-25 14:51:48 — DEBUG — Result bytes size for command '['--log-format', 'json', 'run-operation', 'elementary.log_macro_results', '--args', '{"macro_name": "elementary_cli.get_sources", "macro_args": {}}', '--project-dir', '/usr/local/lib/python3.11/site-packages/elementary/monitor/dbt_project', '--profiles-dir', '/home/appuser/.dbt']' is 71485
2026-02-25 14:51:48 — INFO — Running dbt command --log-format json run-operation elementary.log_macro_results --args {"macro_name": "elementary_cli.get_exposures", "macro_args": {}} --project-dir /usr/local/lib/python3.11/site-packages/elementary/monitor/dbt_project --profiles-dir /home/appuser/.dbt
2026-02-25 14:51:49 — DEBUG — Result bytes size for command '['--log-format', 'json', 'run-operation', 'elementary.log_macro_results', '--args', '{"macro_name": "elementary_cli.get_exposures", "macro_args": {}}', '--project-dir', '/usr/local/lib/python3.11/site-packages/elementary/monitor/dbt_project', '--profiles-dir', '/home/appuser/.dbt']' is 399
2026-02-25 14:51:49 — INFO — Running dbt command --log-format json run-operation elementary.log_macro_results --args {"macro_name": "elementary_cli.get_singular_tests", "macro_args": {}} --project-dir /usr/local/lib/python3.11/site-packages/elementary/monitor/dbt_project --profiles-dir /home/appuser/.dbt
2026-02-25 14:51:50 — DEBUG — Result bytes size for command '['--log-format', 'json', 'run-operation', 'elementary.log_macro_results', '--args', '{"macro_name": "elementary_cli.get_singular_tests", "macro_args": {}}', '--project-dir', '/usr/local/lib/python3.11/site-packages/elementary/monitor/dbt_project', '--profiles-dir', '/home/appuser/.dbt']' is 399
2026-02-25 14:51:50 — INFO — Running dbt command --log-format json run-operation elementary.log_macro_results --args {"macro_name": "elementary_cli.get_models_runs", "macro_args": {"days_back": 7, "exclude_elementary": true}} --project-dir /usr/local/lib/python3.11/site-packages/elementary/monitor/dbt_project --profiles-dir /home/appuser/.dbt
2026-02-25 14:51:51 — DEBUG — Result bytes size for command '['--log-format', 'json', 'run-operation', 'elementary.log_macro_results', '--args', '{"macro_name": "elementary_cli.get_models_runs", "macro_args": {"days_back": 7, "exclude_elementary": true}}', '--project-dir', '/usr/local/lib/python3.11/site-packages/elementary/monitor/dbt_project', '--profiles-dir', '/home/appuser/.dbt']' is 399
2026-02-25 14:51:51 — INFO — Running dbt command --log-format json run-operation elementary.log_macro_results --args {"macro_name": "elementary_cli.get_dbt_models_test_coverage", "macro_args": {}} --project-dir /usr/local/lib/python3.11/site-packages/elementary/monitor/dbt_project --profiles-dir /home/appuser/.dbt
2026-02-25 14:51:53 — DEBUG — Result bytes size for command '['--log-format', 'json', 'run-operation', 'elementary.log_macro_results', '--args', '{"macro_name": "elementary_cli.get_dbt_models_test_coverage", "macro_args": {}}', '--project-dir', '/usr/local/lib/python3.11/site-packages/elementary/monitor/dbt_project', '--profiles-dir', '/home/appuser/.dbt']' is 36669
2026-02-25 14:51:53 — INFO — Running dbt command --log-format json run-operation elementary.log_macro_results --args {"macro_name": "elementary_cli.get_tests", "macro_args": {}} --project-dir /usr/local/lib/python3.11/site-packages/elementary/monitor/dbt_project --profiles-dir /home/appuser/.dbt
2026-02-25 14:51:54 — DEBUG — Result bytes size for command '['--log-format', 'json', 'run-operation', 'elementary.log_macro_results', '--args', '{"macro_name": "elementary_cli.get_tests", "macro_args": {}}', '--project-dir', '/usr/local/lib/python3.11/site-packages/elementary/monitor/dbt_project', '--profiles-dir', '/home/appuser/.dbt']' is 862285
2026-02-25 14:51:54 — INFO — Running dbt command --log-format json run-operation elementary.log_macro_results --args {"macro_name": "elementary_cli.get_nodes_depends_on_nodes", "macro_args": {"exclude_elementary": true}} --project-dir /usr/local/lib/python3.11/site-packages/elementary/monitor/dbt_project --profiles-dir /home/appuser/.dbt
2026-02-25 14:51:55 — DEBUG — Result bytes size for command '['--log-format', 'json', 'run-operation', 'elementary.log_macro_results', '--args', '{"macro_name": "elementary_cli.get_nodes_depends_on_nodes", "macro_args": {"exclude_elementary": true}}', '--project-dir', '/usr/local/lib/python3.11/site-packages/elementary/monitor/dbt_project', '--profiles-dir', '/home/appuser/.dbt']' is 165851
2026-02-25 14:51:55 — INFO — Running dbt command --log-format json run-operation elementary.log_macro_results --args {"macro_name": "elementary_cli.get_models_latest_invocation", "macro_args": {}} --project-dir /usr/local/lib/python3.11/site-packages/elementary/monitor/dbt_project --profiles-dir /home/appuser/.dbt
2026-02-25 14:51:57 — DEBUG — Result bytes size for command '['--log-format', 'json', 'run-operation', 'elementary.log_macro_results', '--args', '{"macro_name": "elementary_cli.get_models_latest_invocation", "macro_args": {}}', '--project-dir', '/usr/local/lib/python3.11/site-packages/elementary/monitor/dbt_project', '--profiles-dir', '/home/appuser/.dbt']' is 7463
2026-02-25 14:51:57 — INFO — Running dbt command --log-format json run-operation elementary.log_macro_results --args {"macro_name": "elementary_cli.get_models_latest_invocations_data", "macro_args": {}} --project-dir /usr/local/lib/python3.11/site-packages/elementary/monitor/dbt_project --profiles-dir /home/appuser/.dbt
2026-02-25 14:51:58 — DEBUG — Result bytes size for command '['--log-format', 'json', 'run-operation', 'elementary.log_macro_results', '--args', '{"macro_name": "elementary_cli.get_models_latest_invocations_data", "macro_args": {}}', '--project-dir', '/usr/local/lib/python3.11/site-packages/elementary/monitor/dbt_project', '--profiles-dir', '/home/appuser/.dbt']' is 857
